[0m[[0m[0mdebug[0m] [0m[0mRunning TaskDef(edu.colorado.csci3155.project3.ArcadeGameTests, org.scalatest.tools.Framework$$anon$1@5a3906b9, false, [SuiteSelector])[0m
[0m[[0m[0mdebug[0m] [0m[0mRunning TaskDef(edu.colorado.csci3155.project3.Automaton1Tests, org.scalatest.tools.Framework$$anon$1@5a3906b9, false, [SuiteSelector])[0m
[0m[[0m[0minfo[0m] [0m[0m[32mAutomaton1Tests:[0m[0m
[0m[[0m[0minfo[0m] [0m[0m[31m- Test 1 for MainEventLoop.processOneEvent *** FAILED ***[0m[0m
[0m[[0m[0minfo[0m] [0m[0m[31m  scala.NotImplementedError: an implementation is missing[0m[0m
[0m[[0m[0minfo[0m] [0m[0m[31m  at scala.Predef$.$qmark$qmark$qmark(Predef.scala:288)[0m[0m
[0m[[0m[0minfo[0m] [0m[0m[31m  at edu.colorado.csci3155.project3.MainEventLoop.processOneEvent(MainEventLoop.scala:118)[0m[0m
[0m[[0m[0minfo[0m] [0m[0m[31m  at edu.colorado.csci3155.project3.Automaton1Tests.$anonfun$new$1(Automaton1Tests.scala:51)[0m[0m
[0m[[0m[0minfo[0m] [0m[0m[31m  at org.scalatest.OutcomeOf.outcomeOf(OutcomeOf.scala:85)[0m[0m
[0m[[0m[0minfo[0m] [0m[0m[31m  at org.scalatest.OutcomeOf.outcomeOf$(OutcomeOf.scala:83)[0m[0m
[0m[[0m[0minfo[0m] [0m[0m[31m  at org.scalatest.OutcomeOf$.outcomeOf(OutcomeOf.scala:104)[0m[0m
[0m[[0m[0minfo[0m] [0m[0m[31m  at org.scalatest.Transformer.apply(Transformer.scala:22)[0m[0m
[0m[[0m[0minfo[0m] [0m[0m[31m  at org.scalatest.Transformer.apply(Transformer.scala:20)[0m[0m
[0m[[0m[0minfo[0m] [0m[0m[31m  at org.scalatest.FunSuiteLike$$anon$1.apply(FunSuiteLike.scala:186)[0m[0m
[0m[[0m[0minfo[0m] [0m[0m[31m  at org.scalatest.TestSuite.withFixture(TestSuite.scala:196)[0m[0m
[0m[[0m[0minfo[0m] [0m[0m[31m  ...[0m[0m
[0m[[0m[0minfo[0m] [0m[0m[31m- Test 2 for MainEventLoop.processOneEvent *** FAILED ***[0m[0m
[0m[[0m[0minfo[0m] [0m[0m[31m  scala.NotImplementedError: an implementation is missing[0m[0m
[0m[[0m[0minfo[0m] [0m[0m[31m  at scala.Predef$.$qmark$qmark$qmark(Predef.scala:288)[0m[0m
[0m[[0m[0minfo[0m] [0m[0m[31m  at edu.colorado.csci3155.project3.MainEventLoop.performOneTransition(MainEventLoop.scala:146)[0m[0m
[0m[[0m[0minfo[0m] [0m[0m[31m  at edu.colorado.csci3155.project3.Automaton1Tests.$anonfun$new$2(Automaton1Tests.scala:72)[0m[0m
[0m[[0m[0minfo[0m] [0m[0m[31m  at org.scalatest.OutcomeOf.outcomeOf(OutcomeOf.scala:85)[0m[0m
[0m[[0m[0minfo[0m] [0m[0m[31m  at org.scalatest.OutcomeOf.outcomeOf$(OutcomeOf.scala:83)[0m[0m
[0m[[0m[0minfo[0m] [0m[0m[31m  at org.scalatest.OutcomeOf$.outcomeOf(OutcomeOf.scala:104)[0m[0m
[0m[[0m[0minfo[0m] [0m[0m[31m  at org.scalatest.Transformer.apply(Transformer.scala:22)[0m[0m
[0m[[0m[0minfo[0m] [0m[0m[31m  at org.scalatest.Transformer.apply(Transformer.scala:20)[0m[0m
[0m[[0m[0minfo[0m] [0m[0m[31m  at org.scalatest.FunSuiteLike$$anon$1.apply(FunSuiteLike.scala:186)[0m[0m
[0m[[0m[0minfo[0m] [0m[0m[31m  at org.scalatest.TestSuite.withFixture(TestSuite.scala:196)[0m[0m
[0m[[0m[0minfo[0m] [0m[0m[31m  ...[0m[0m
[0m[[0m[0minfo[0m] [0m[0m[31m- Stop Event must remove all entities *** FAILED ***[0m[0m
[0m[[0m[0minfo[0m] [0m[0m[31m  scala.NotImplementedError: an implementation is missing[0m[0m
[0m[[0m[0minfo[0m] [0m[0m[31m  at scala.Predef$.$qmark$qmark$qmark(Predef.scala:288)[0m[0m
[0m[[0m[0minfo[0m] [0m[0m[31m  at edu.colorado.csci3155.project3.MainEventLoop.performOneTransition(MainEventLoop.scala:146)[0m[0m
[0m[[0m[0minfo[0m] [0m[0m[31m  at edu.colorado.csci3155.project3.Automaton1Tests.$anonfun$new$3(Automaton1Tests.scala:95)[0m[0m
[0m[[0m[0minfo[0m] [0m[0m[31m  at org.scalatest.OutcomeOf.outcomeOf(OutcomeOf.scala:85)[0m[0m
[0m[[0m[0minfo[0m] [0m[0m[31m  at org.scalatest.OutcomeOf.outcomeOf$(OutcomeOf.scala:83)[0m[0m
[0m[[0m[0minfo[0m] [0m[0m[31m  at org.scalatest.OutcomeOf$.outcomeOf(OutcomeOf.scala:104)[0m[0m
[0m[[0m[0minfo[0m] [0m[0m[31m  at org.scalatest.Transformer.apply(Transformer.scala:22)[0m[0m
[0m[[0m[0minfo[0m] [0m[0m[31m  at org.scalatest.Transformer.apply(Transformer.scala:20)[0m[0m
[0m[[0m[0minfo[0m] [0m[0m[31m  at org.scalatest.FunSuiteLike$$anon$1.apply(FunSuiteLike.scala:186)[0m[0m
[0m[[0m[0minfo[0m] [0m[0m[31m  at org.scalatest.TestSuite.withFixture(TestSuite.scala:196)[0m[0m
[0m[[0m[0minfo[0m] [0m[0m[31m  ...[0m[0m
[0m[[0m[0minfo[0m] [0m[0m[31m- Test five ticks in a row *** FAILED ***[0m[0m
[0m[[0m[0minfo[0m] [0m[0m[31m  scala.NotImplementedError: an implementation is missing[0m[0m
[0m[[0m[0minfo[0m] [0m[0m[31m  at scala.Predef$.$qmark$qmark$qmark(Predef.scala:288)[0m[0m
[0m[[0m[0minfo[0m] [0m[0m[31m  at edu.colorado.csci3155.project3.MainEventLoop.performOneTransition(MainEventLoop.scala:146)[0m[0m
[0m[[0m[0minfo[0m] [0m[0m[31m  at edu.colorado.csci3155.project3.Automaton1Tests.$anonfun$new$5(Automaton1Tests.scala:112)[0m[0m
[0m[[0m[0minfo[0m] [0m[0m[31m  at org.scalatest.OutcomeOf.outcomeOf(OutcomeOf.scala:85)[0m[0m
[0m[[0m[0minfo[0m] [0m[0m[31m  at org.scalatest.OutcomeOf.outcomeOf$(OutcomeOf.scala:83)[0m[0m
[0m[[0m[0minfo[0m] [0m[0m[31m  at org.scalatest.OutcomeOf$.outcomeOf(OutcomeOf.scala:104)[0m[0m
[0m[[0m[0minfo[0m] [0m[0m[31m  at org.scalatest.Transformer.apply(Transformer.scala:22)[0m[0m
[0m[[0m[0minfo[0m] [0m[0m[31m  at org.scalatest.Transformer.apply(Transformer.scala:20)[0m[0m
[0m[[0m[0minfo[0m] [0m[0m[31m  at org.scalatest.FunSuiteLike$$anon$1.apply(FunSuiteLike.scala:186)[0m[0m
[0m[[0m[0minfo[0m] [0m[0m[31m  at org.scalatest.TestSuite.withFixture(TestSuite.scala:196)[0m[0m
[0m[[0m[0minfo[0m] [0m[0m[31m  ...[0m[0m
[0m[[0m[0minfo[0m] [0m[0m[32mArcadeGameTests:[0m[0m
[0m[[0m[0minfo[0m] [0m[0m[31m- Move event must apply to the DartShooter entity and nothing else *** FAILED ***[0m[0m
[0m[[0m[0minfo[0m] [0m[0m[31m  scala.NotImplementedError: an implementation is missing[0m[0m
[0m[[0m[0minfo[0m] [0m[0m[31m  at scala.Predef$.$qmark$qmark$qmark(Predef.scala:288)[0m[0m
[0m[[0m[0minfo[0m] [0m[0m[31m  at edu.colorado.csci3155.project3.Move.appliesTo(ArcadeGame.scala:43)[0m[0m
[0m[[0m[0minfo[0m] [0m[0m[31m  at edu.colorado.csci3155.project3.ArcadeGameTests.$anonfun$new$1(ArcadeGameTests.scala:9)[0m[0m
[0m[[0m[0minfo[0m] [0m[0m[31m  at org.scalatest.OutcomeOf.outcomeOf(OutcomeOf.scala:85)[0m[0m
[0m[[0m[0minfo[0m] [0m[0m[31m  at org.scalatest.OutcomeOf.outcomeOf$(OutcomeOf.scala:83)[0m[0m
[0m[[0m[0minfo[0m] [0m[0m[31m  at org.scalatest.OutcomeOf$.outcomeOf(OutcomeOf.scala:104)[0m[0m
[0m[[0m[0minfo[0m] [0m[0m[31m  at org.scalatest.Transformer.apply(Transformer.scala:22)[0m[0m
[0m[[0m[0minfo[0m] [0m[0m[31m  at org.scalatest.Transformer.apply(Transformer.scala:20)[0m[0m
[0m[[0m[0minfo[0m] [0m[0m[31m  at org.scalatest.FunSuiteLike$$anon$1.apply(FunSuiteLike.scala:186)[0m[0m
[0m[[0m[0minfo[0m] [0m[0m[31m  at org.scalatest.TestSuite.withFixture(TestSuite.scala:196)[0m[0m
[0m[[0m[0minfo[0m] [0m[0m[31m  ...[0m[0m
[0m[[0m[0minfo[0m] [0m[0m[31m- ShootDart event must apply only to the DartShooter entity  *** FAILED ***[0m[0m
[0m[[0m[0minfo[0m] [0m[0m[31m  scala.NotImplementedError: an implementation is missing[0m[0m
[0m[[0m[0minfo[0m] [0m[0m[31m  at scala.Predef$.$qmark$qmark$qmark(Predef.scala:288)[0m[0m
[0m[[0m[0minfo[0m] [0m[0m[31m  at edu.colorado.csci3155.project3.ShootDart$.appliesTo(ArcadeGame.scala:48)[0m[0m
[0m[[0m[0minfo[0m] [0m[0m[31m  at edu.colorado.csci3155.project3.ArcadeGameTests.$anonfun$new$2(ArcadeGameTests.scala:21)[0m[0m
[0m[[0m[0minfo[0m] [0m[0m[31m  at org.scalatest.OutcomeOf.outcomeOf(OutcomeOf.scala:85)[0m[0m
[0m[[0m[0minfo[0m] [0m[0m[31m  at org.scalatest.OutcomeOf.outcomeOf$(OutcomeOf.scala:83)[0m[0m
[0m[[0m[0minfo[0m] [0m[0m[31m  at org.scalatest.OutcomeOf$.outcomeOf(OutcomeOf.scala:104)[0m[0m
[0m[[0m[0minfo[0m] [0m[0m[31m  at org.scalatest.Transformer.apply(Transformer.scala:22)[0m[0m
[0m[[0m[0minfo[0m] [0m[0m[31m  at org.scalatest.Transformer.apply(Transformer.scala:20)[0m[0m
[0m[[0m[0minfo[0m] [0m[0m[31m  at org.scalatest.FunSuiteLike$$anon$1.apply(FunSuiteLike.scala:186)[0m[0m
[0m[[0m[0minfo[0m] [0m[0m[31m  at org.scalatest.TestSuite.withFixture(TestSuite.scala:196)[0m[0m
[0m[[0m[0minfo[0m] [0m[0m[31m  ...[0m[0m
[0m[[0m[0minfo[0m] [0m[0m[31m- BaloonBurst event must apply  the ArcadeGameManager and DartShooter *** FAILED ***[0m[0m
[0m[[0m[0minfo[0m] [0m[0m[31m  scala.NotImplementedError: an implementation is missing[0m[0m
[0m[[0m[0minfo[0m] [0m[0m[31m  at scala.Predef$.$qmark$qmark$qmark(Predef.scala:288)[0m[0m
[0m[[0m[0minfo[0m] [0m[0m[31m  at edu.colorado.csci3155.project3.BaloonBurst$.appliesTo(ArcadeGame.scala:58)[0m[0m
[0m[[0m[0minfo[0m] [0m[0m[31m  at edu.colorado.csci3155.project3.ArcadeGameTests.$anonfun$new$3(ArcadeGameTests.scala:33)[0m[0m
[0m[[0m[0minfo[0m] [0m[0m[31m  at org.scalatest.OutcomeOf.outcomeOf(OutcomeOf.scala:85)[0m[0m
[0m[[0m[0minfo[0m] [0m[0m[31m  at org.scalatest.OutcomeOf.outcomeOf$(OutcomeOf.scala:83)[0m[0m
[0m[[0m[0minfo[0m] [0m[0m[31m  at org.scalatest.OutcomeOf$.outcomeOf(OutcomeOf.scala:104)[0m[0m
[0m[[0m[0minfo[0m] [0m[0m[31m  at org.scalatest.Transformer.apply(Transformer.scala:22)[0m[0m
[0m[[0m[0minfo[0m] [0m[0m[31m  at org.scalatest.Transformer.apply(Transformer.scala:20)[0m[0m
[0m[[0m[0minfo[0m] [0m[0m[31m  at org.scalatest.FunSuiteLike$$anon$1.apply(FunSuiteLike.scala:186)[0m[0m
[0m[[0m[0minfo[0m] [0m[0m[31m  at org.scalatest.TestSuite.withFixture(TestSuite.scala:196)[0m[0m
[0m[[0m[0minfo[0m] [0m[0m[31m  ...[0m[0m
[0m[[0m[0minfo[0m] [0m[0m[31m- BaloonEscaped event must apply  to the ArcadeGameManager only *** FAILED ***[0m[0m
[0m[[0m[0minfo[0m] [0m[0m[31m  scala.NotImplementedError: an implementation is missing[0m[0m
[0m[[0m[0minfo[0m] [0m[0m[31m  at scala.Predef$.$qmark$qmark$qmark(Predef.scala:288)[0m[0m
[0m[[0m[0minfo[0m] [0m[0m[31m  at edu.colorado.csci3155.project3.BaloonEscaped$.appliesTo(ArcadeGame.scala:53)[0m[0m
[0m[[0m[0minfo[0m] [0m[0m[31m  at edu.colorado.csci3155.project3.ArcadeGameTests.$anonfun$new$4(ArcadeGameTests.scala:45)[0m[0m
[0m[[0m[0minfo[0m] [0m[0m[31m  at org.scalatest.OutcomeOf.outcomeOf(OutcomeOf.scala:85)[0m[0m
[0m[[0m[0minfo[0m] [0m[0m[31m  at org.scalatest.OutcomeOf.outcomeOf$(OutcomeOf.scala:83)[0m[0m
[0m[[0m[0minfo[0m] [0m[0m[31m  at org.scalatest.OutcomeOf$.outcomeOf(OutcomeOf.scala:104)[0m[0m
[0m[[0m[0minfo[0m] [0m[0m[31m  at org.scalatest.Transformer.apply(Transformer.scala:22)[0m[0m
[0m[[0m[0minfo[0m] [0m[0m[31m  at org.scalatest.Transformer.apply(Transformer.scala:20)[0m[0m
[0m[[0m[0minfo[0m] [0m[0m[31m  at org.scalatest.FunSuiteLike$$anon$1.apply(FunSuiteLike.scala:186)[0m[0m
[0m[[0m[0minfo[0m] [0m[0m[31m  at org.scalatest.TestSuite.withFixture(TestSuite.scala:196)[0m[0m
[0m[[0m[0minfo[0m] [0m[0m[31m  ...[0m[0m
[0m[[0m[0minfo[0m] [0m[0m[31m- Boom(x,y) event must apply to arcade baloons that are nearby *** FAILED ***[0m[0m
[0m[[0m[0minfo[0m] [0m[0m[31m  scala.NotImplementedError: an implementation is missing[0m[0m
[0m[[0m[0minfo[0m] [0m[0m[31m  at scala.Predef$.$qmark$qmark$qmark(Predef.scala:288)[0m[0m
[0m[[0m[0minfo[0m] [0m[0m[31m  at edu.colorado.csci3155.project3.Boom.appliesTo(ArcadeGame.scala:64)[0m[0m
[0m[[0m[0minfo[0m] [0m[0m[31m  at edu.colorado.csci3155.project3.ArcadeGameTests.$anonfun$new$5(ArcadeGameTests.scala:57)[0m[0m
[0m[[0m[0minfo[0m] [0m[0m[31m  at org.scalatest.OutcomeOf.outcomeOf(OutcomeOf.scala:85)[0m[0m
[0m[[0m[0minfo[0m] [0m[0m[31m  at org.scalatest.OutcomeOf.outcomeOf$(OutcomeOf.scala:83)[0m[0m
[0m[[0m[0minfo[0m] [0m[0m[31m  at org.scalatest.OutcomeOf$.outcomeOf(OutcomeOf.scala:104)[0m[0m
[0m[[0m[0minfo[0m] [0m[0m[31m  at org.scalatest.Transformer.apply(Transformer.scala:22)[0m[0m
[0m[[0m[0minfo[0m] [0m[0m[31m  at org.scalatest.Transformer.apply(Transformer.scala:20)[0m[0m
[0m[[0m[0minfo[0m] [0m[0m[31m  at org.scalatest.FunSuiteLike$$anon$1.apply(FunSuiteLike.scala:186)[0m[0m
[0m[[0m[0minfo[0m] [0m[0m[31m  at org.scalatest.TestSuite.withFixture(TestSuite.scala:196)[0m[0m
[0m[[0m[0minfo[0m] [0m[0m[31m  ...[0m[0m
[0m[[0m[0minfo[0m] [0m[0m[31m- Test for handling of Tick event for ArcadeGameManager entity *** FAILED ***[0m[0m
[0m[[0m[0minfo[0m] [0m[0m[31m  scala.NotImplementedError: an implementation is missing[0m[0m
[0m[[0m[0minfo[0m] [0m[0m[31m  at scala.Predef$.$qmark$qmark$qmark(Predef.scala:288)[0m[0m
[0m[[0m[0minfo[0m] [0m[0m[31m  at edu.colorado.csci3155.project3.ArcadeGameManager.handleEvent(ArcadeGame.scala:89)[0m[0m
[0m[[0m[0minfo[0m] [0m[0m[31m  at edu.colorado.csci3155.project3.ArcadeGameTests.$anonfun$new$7(ArcadeGameTests.scala:67)[0m[0m
[0m[[0m[0minfo[0m] [0m[0m[31m  at edu.colorado.csci3155.project3.ArcadeGameTests.$anonfun$new$7$adapted(ArcadeGameTests.scala:66)[0m[0m
[0m[[0m[0minfo[0m] [0m[0m[31m  at scala.collection.immutable.Range.foreach(Range.scala:158)[0m[0m
[0m[[0m[0minfo[0m] [0m[0m[31m  at edu.colorado.csci3155.project3.ArcadeGameTests.$anonfun$new$6(ArcadeGameTests.scala:66)[0m[0m
[0m[[0m[0minfo[0m] [0m[0m[31m  at scala.runtime.java8.JFunction0$mcV$sp.apply(JFunction0$mcV$sp.java:23)[0m[0m
[0m[[0m[0minfo[0m] [0m[0m[31m  at org.scalatest.OutcomeOf.outcomeOf(OutcomeOf.scala:85)[0m[0m
[0m[[0m[0minfo[0m] [0m[0m[31m  at org.scalatest.OutcomeOf.outcomeOf$(OutcomeOf.scala:83)[0m[0m
[0m[[0m[0minfo[0m] [0m[0m[31m  at org.scalatest.OutcomeOf$.outcomeOf(OutcomeOf.scala:104)[0m[0m
[0m[[0m[0minfo[0m] [0m[0m[31m  ...[0m[0m
[0m[[0m[0minfo[0m] [0m[0m[31m- Test for handling BaloonEscaped/BaloonBurst Event for ArcadeGameManager entity  *** FAILED ***[0m[0m
[0m[[0m[0minfo[0m] [0m[0m[31m  scala.NotImplementedError: an implementation is missing[0m[0m
[0m[[0m[0minfo[0m] [0m[0m[31m  at scala.Predef$.$qmark$qmark$qmark(Predef.scala:288)[0m[0m
[0m[[0m[0minfo[0m] [0m[0m[31m  at edu.colorado.csci3155.project3.ArcadeGameManager.handleEvent(ArcadeGame.scala:91)[0m[0m
[0m[[0m[0minfo[0m] [0m[0m[31m  at edu.colorado.csci3155.project3.ArcadeGameTests.$anonfun$new$9(ArcadeGameTests.scala:84)[0m[0m
[0m[[0m[0minfo[0m] [0m[0m[31m  at org.scalatest.OutcomeOf.outcomeOf(OutcomeOf.scala:85)[0m[0m
[0m[[0m[0minfo[0m] [0m[0m[31m  at org.scalatest.OutcomeOf.outcomeOf$(OutcomeOf.scala:83)[0m[0m
[0m[[0m[0minfo[0m] [0m[0m[31m  at org.scalatest.OutcomeOf$.outcomeOf(OutcomeOf.scala:104)[0m[0m
[0m[[0m[0minfo[0m] [0m[0m[31m  at org.scalatest.Transformer.apply(Transformer.scala:22)[0m[0m
[0m[[0m[0minfo[0m] [0m[0m[31m  at org.scalatest.Transformer.apply(Transformer.scala:20)[0m[0m
[0m[[0m[0minfo[0m] [0m[0m[31m  at org.scalatest.FunSuiteLike$$anon$1.apply(FunSuiteLike.scala:186)[0m[0m
[0m[[0m[0minfo[0m] [0m[0m[31m  at org.scalatest.TestSuite.withFixture(TestSuite.scala:196)[0m[0m
[0m[[0m[0minfo[0m] [0m[0m[31m  ...[0m[0m
[0m[[0m[0minfo[0m] [0m[0m[31m- Test for handling Tick event for ArcadeBaloon *** FAILED ***[0m[0m
[0m[[0m[0minfo[0m] [0m[0m[31m  scala.NotImplementedError: an implementation is missing[0m[0m
[0m[[0m[0minfo[0m] [0m[0m[31m  at scala.Predef$.$qmark$qmark$qmark(Predef.scala:288)[0m[0m
[0m[[0m[0minfo[0m] [0m[0m[31m  at edu.colorado.csci3155.project3.ArcadeBaloon.handleEvent(ArcadeGame.scala:121)[0m[0m
[0m[[0m[0minfo[0m] [0m[0m[31m  at edu.colorado.csci3155.project3.ArcadeGameTests.$anonfun$new$10(ArcadeGameTests.scala:101)[0m[0m
[0m[[0m[0minfo[0m] [0m[0m[31m  at org.scalatest.OutcomeOf.outcomeOf(OutcomeOf.scala:85)[0m[0m
[0m[[0m[0minfo[0m] [0m[0m[31m  at org.scalatest.OutcomeOf.outcomeOf$(OutcomeOf.scala:83)[0m[0m
[0m[[0m[0minfo[0m] [0m[0m[31m  at org.scalatest.OutcomeOf$.outcomeOf(OutcomeOf.scala:104)[0m[0m
[0m[[0m[0minfo[0m] [0m[0m[31m  at org.scalatest.Transformer.apply(Transformer.scala:22)[0m[0m
[0m[[0m[0minfo[0m] [0m[0m[31m  at org.scalatest.Transformer.apply(Transformer.scala:20)[0m[0m
[0m[[0m[0minfo[0m] [0m[0m[31m  at org.scalatest.FunSuiteLike$$anon$1.apply(FunSuiteLike.scala:186)[0m[0m
[0m[[0m[0minfo[0m] [0m[0m[31m  at org.scalatest.TestSuite.withFixture(TestSuite.scala:196)[0m[0m
[0m[[0m[0minfo[0m] [0m[0m[31m  ...[0m[0m
[0m[[0m[0minfo[0m] [0m[0m[32m- Testing Boom event for arcade baloon[0m[0m
[0m[[0m[0minfo[0m] [0m[0m[31m- Testing Tick event for a Dart  *** FAILED ***[0m[0m
[0m[[0m[0minfo[0m] [0m[0m[31m  scala.NotImplementedError: an implementation is missing[0m[0m
[0m[[0m[0minfo[0m] [0m[0m[31m  at scala.Predef$.$qmark$qmark$qmark(Predef.scala:288)[0m[0m
[0m[[0m[0minfo[0m] [0m[0m[31m  at edu.colorado.csci3155.project3.Dart.handleEvent(ArcadeGame.scala:141)[0m[0m
[0m[[0m[0minfo[0m] [0m[0m[31m  at edu.colorado.csci3155.project3.ArcadeGameTests.$anonfun$new$13(ArcadeGameTests.scala:133)[0m[0m
[0m[[0m[0minfo[0m] [0m[0m[31m  at org.scalatest.OutcomeOf.outcomeOf(OutcomeOf.scala:85)[0m[0m
[0m[[0m[0minfo[0m] [0m[0m[31m  at org.scalatest.OutcomeOf.outcomeOf$(OutcomeOf.scala:83)[0m[0m
[0m[[0m[0minfo[0m] [0m[0m[31m  at org.scalatest.OutcomeOf$.outcomeOf(OutcomeOf.scala:104)[0m[0m
[0m[[0m[0minfo[0m] [0m[0m[31m  at org.scalatest.Transformer.apply(Transformer.scala:22)[0m[0m
[0m[[0m[0minfo[0m] [0m[0m[31m  at org.scalatest.Transformer.apply(Transformer.scala:20)[0m[0m
[0m[[0m[0minfo[0m] [0m[0m[31m  at org.scalatest.FunSuiteLike$$anon$1.apply(FunSuiteLike.scala:186)[0m[0m
[0m[[0m[0minfo[0m] [0m[0m[31m  at org.scalatest.TestSuite.withFixture(TestSuite.scala:196)[0m[0m
[0m[[0m[0minfo[0m] [0m[0m[31m  ...[0m[0m
[0m[[0m[0minfo[0m] [0m[0m[36mRun completed in 201 milliseconds.[0m[0m
[0m[[0m[0minfo[0m] [0m[0m[36mTotal number of tests run: 14[0m[0m
[0m[[0m[0minfo[0m] [0m[0m[36mSuites: completed 2, aborted 0[0m[0m
[0m[[0m[0minfo[0m] [0m[0m[36mTests: succeeded 1, failed 13, canceled 0, ignored 0, pending 0[0m[0m
[0m[[0m[0minfo[0m] [0m[0m[31m*** 13 TESTS FAILED ***[0m[0m
[0m[[0m[31merror[0m] [0m[0mFailed tests:[0m
[0m[[0m[31merror[0m] [0m[0m	edu.colorado.csci3155.project3.ArcadeGameTests[0m
[0m[[0m[31merror[0m] [0m[0m	edu.colorado.csci3155.project3.Automaton1Tests[0m
[0m[[0m[31merror[0m] [0m[0m(Test / [31mtest[0m) sbt.TestsFailedException: Tests unsuccessful[0m
